<?xml version="1.0" encoding="UTF-8"?>
<!-- Generated by org.testng.reporters.JUnitReportReporter -->
<testsuite skipped="0" hostname="ASDW1300" name="com.qait.Bing.BingTranslator.TestBing" tests="6" failures="0" timestamp="29 Jun 2018 07:57:01 GMT" time="27.353" errors="0">
  <testcase name="TestOpenBingTranslator" time="1.860" classname="com.qait.Bing.BingTranslator.TestBing"/>
  <testcase name="CheckMenuItemTranslator" time="24.733" classname="com.qait.Bing.BingTranslator.TestBing"/>
  <testcase name="ChooseInputLanguage" time="0.555" classname="com.qait.Bing.BingTranslator.TestBing"/>
  <testcase name="ChooseOutputLanguage" time="0.079" classname="com.qait.Bing.BingTranslator.TestBing"/>
  <testcase name="EnterTextToTranslate" time="0.108" classname="com.qait.Bing.BingTranslator.TestBing"/>
  <testcase name="GetTranslatedText" time="0.018" classname="com.qait.Bing.BingTranslator.TestBing"/>
</testsuite> <!-- com.qait.Bing.BingTranslator.TestBing -->
